#
# An unexpected error has been detected by Java Runtime Environment:
#
#  EXCEPTION_ACCESS_VIOLATION (0xc0000005) at pc=0x6d123a6b, pid=3080, tid=3616
#
# Java VM: Java HotSpot(TM) Client VM (11.3-b02 mixed mode, sharing windows-x86)
# Problematic frame:
# C  [awt.dll+0x73a6b]
#
# If you would like to submit a bug report, please visit:
#   http://java.sun.com/webapps/bugreport/crash.jsp
# The crash happened outside the Java Virtual Machine in native code.
# See problematic frame for where to report the bug.
#

---------------  T H R E A D  ---------------

Current thread (0x02b21400):  JavaThread "AWT-Windows" daemon [_thread_in_native, id=3616, stack(0x02f70000,0x02fc0000)]

siginfo: ExceptionCode=0xc0000005, reading address 0x4821c7f7

Registers:
EAX=0x4821c7f7, EBX=0x7c8114ab, ECX=0x02fbf7ac, EDX=0x02ae867c
ESP=0x02fbf774, EBP=0x00008008, ESI=0x0308d7d0, EDI=0x00000111
EIP=0x6d123a6b, EFLAGS=0x00010202

Top of Stack: (sp=0x02fbf774)
0x02fbf774:   6d126adf 00008008 00000000 00000000
0x02fbf784:   00008008 0308d7d0 02fbf820 00000111
0x02fbf794:   00000001 02fbf888 0065b0a0 02fbf7bc
0x02fbf7a4:   00000000 02b21514 02fbf814 6d16e5c8
0x02fbf7b4:   00000000 6d14e0fe 00000111 00008008
0x02fbf7c4:   00000000 00000111 0308d7d0 00000000
0x02fbf7d4:   00000000 6d12bcb2 00000111 00008008
0x02fbf7e4:   00000000 02fbf888 0005028e 00000000 

Instructions: (pc=0x6d123a6b)
0x6d123a5b:   04 50 b9 38 29 1b 6d e8 09 66 02 00 85 c0 74 07
0x6d123a6b:   8b 10 8b c8 ff 52 04 b8 02 00 00 00 c2 0c 00 50 


Stack: [0x02f70000,0x02fc0000],  sp=0x02fbf774,  free space=317k
Native frames: (J=compiled Java code, j=interpreted, Vv=VM code, C=native code)
C  [awt.dll+0x73a6b]

[error occurred during error reporting (printing native stack), id 0xc0000005]

Java frames: (J=compiled Java code, j=interpreted, Vv=VM code)
j  sun.awt.windows.WToolkit.eventLoop()V+0
j  sun.awt.windows.WToolkit.run()V+69
j  java.lang.Thread.run()V+11
v  ~StubRoutines::call_stub

---------------  P R O C E S S  ---------------

Java Threads: ( => current thread )
  0x03106400 JavaThread "TimerQueue" daemon [_thread_blocked, id=2668, stack(0x035a0000,0x035f0000)]
  0x03133400 JavaThread "MySQL Statement Cancellation Timer" daemon [_thread_blocked, id=1500, stack(0x03260000,0x032b0000)]
  0x00316400 JavaThread "DestroyJavaVM" [_thread_blocked, id=2632, stack(0x00920000,0x00970000)]
  0x02b3d400 JavaThread "AWT-EventQueue-0" [_thread_blocked, id=3544, stack(0x02fc0000,0x03010000)]
=>0x02b21400 JavaThread "AWT-Windows" daemon [_thread_in_native, id=3616, stack(0x02f70000,0x02fc0000)]
  0x02b23800 JavaThread "AWT-Shutdown" [_thread_blocked, id=1212, stack(0x02f20000,0x02f70000)]
  0x02b38000 JavaThread "Java2D Disposer" daemon [_thread_blocked, id=976, stack(0x02ed0000,0x02f20000)]
  0x02af1400 JavaThread "Low Memory Detector" daemon [_thread_blocked, id=2736, stack(0x02da0000,0x02df0000)]
  0x02aeb800 JavaThread "CompilerThread0" daemon [_thread_blocked, id=1384, stack(0x02d50000,0x02da0000)]
  0x02aea000 JavaThread "Attach Listener" daemon [_thread_blocked, id=3224, stack(0x02d00000,0x02d50000)]
  0x02ae8c00 JavaThread "Signal Dispatcher" daemon [_thread_blocked, id=2692, stack(0x02cb0000,0x02d00000)]
  0x02ae0400 JavaThread "Finalizer" daemon [_thread_blocked, id=3412, stack(0x02c60000,0x02cb0000)]
  0x02adf000 JavaThread "Reference Handler" daemon [_thread_blocked, id=2620, stack(0x02c10000,0x02c60000)]

Other Threads:
  0x02add800 VMThread [stack: 0x02bc0000,0x02c10000] [id=4060]
  0x02afb800 WatcherThread [stack: 0x02df0000,0x02e40000] [id=4048]

VM state:not at safepoint (normal execution)

VM Mutex/Monitor currently owned by a thread: None

Heap
 def new generation   total 960K, used 788K [0x22970000, 0x22a70000, 0x22e50000)
  eden space 896K,  80% used [0x22970000, 0x22a25030, 0x22a50000)
  from space 64K, 100% used [0x22a50000, 0x22a60000, 0x22a60000)
  to   space 64K,   0% used [0x22a60000, 0x22a60000, 0x22a70000)
 tenured generation   total 6744K, used 5639K [0x22e50000, 0x234e6000, 0x26970000)
   the space 6744K,  83% used [0x22e50000, 0x233d1cf8, 0x233d1e00, 0x234e6000)
 compacting perm gen  total 12288K, used 2866K [0x26970000, 0x27570000, 0x2a970000)
   the space 12288K,  23% used [0x26970000, 0x26c3cb28, 0x26c3cc00, 0x27570000)
    ro space 8192K,  67% used [0x2a970000, 0x2aed7ea8, 0x2aed8000, 0x2b170000)
    rw space 12288K,  53% used [0x2b170000, 0x2b7e5530, 0x2b7e5600, 0x2bd70000)

Dynamic libraries:
0x00400000 - 0x00437000 	C:\Program Files\Java\jdk1.6.0_13\bin\java.exe
0x7c900000 - 0x7c9b0000 	C:\WINDOWS\system32\ntdll.dll
0x7c800000 - 0x7c8f4000 	C:\WINDOWS\system32\kernel32.dll
0x77dd0000 - 0x77e6b000 	C:\WINDOWS\system32\ADVAPI32.dll
0x77e70000 - 0x77f01000 	C:\WINDOWS\system32\RPCRT4.dll
0x7c340000 - 0x7c396000 	C:\Program Files\Java\jdk1.6.0_13\jre\bin\msvcr71.dll
0x6d8b0000 - 0x6db06000 	C:\Program Files\Java\jdk1.6.0_13\jre\bin\client\jvm.dll
0x77d40000 - 0x77dd0000 	C:\WINDOWS\system32\USER32.dll
0x77f10000 - 0x77f56000 	C:\WINDOWS\system32\GDI32.dll
0x76b40000 - 0x76b6d000 	C:\WINDOWS\system32\WINMM.dll
0x6d340000 - 0x6d348000 	C:\Program Files\Java\jdk1.6.0_13\jre\bin\hpi.dll
0x76bf0000 - 0x76bfb000 	C:\WINDOWS\system32\PSAPI.DLL
0x6d860000 - 0x6d86c000 	C:\Program Files\Java\jdk1.6.0_13\jre\bin\verify.dll
0x6d3e0000 - 0x6d3ff000 	C:\Program Files\Java\jdk1.6.0_13\jre\bin\java.dll
0x6d8a0000 - 0x6d8af000 	C:\Program Files\Java\jdk1.6.0_13\jre\bin\zip.dll
0x6d0b0000 - 0x6d1fa000 	C:\Program Files\Java\jdk1.6.0_13\jre\bin\awt.dll
0x73000000 - 0x73026000 	C:\WINDOWS\system32\WINSPOOL.DRV
0x77c10000 - 0x77c68000 	C:\WINDOWS\system32\msvcrt.dll
0x76390000 - 0x763ad000 	C:\WINDOWS\system32\IMM32.dll
0x774e0000 - 0x7761c000 	C:\WINDOWS\system32\ole32.dll
0x773d0000 - 0x774d2000 	C:\WINDOWS\WinSxS\x86_Microsoft.Windows.Common-Controls_6595b64144ccf1df_6.0.2600.2180_x-ww_a84f1ff9\comctl32.dll
0x77f60000 - 0x77fd6000 	C:\WINDOWS\system32\SHLWAPI.dll
0x5ad70000 - 0x5ada8000 	C:\WINDOWS\system32\uxtheme.dll
0x6d2e0000 - 0x6d334000 	C:\Program Files\Java\jdk1.6.0_13\jre\bin\fontmanager.dll
0x7c9c0000 - 0x7d1d4000 	C:\WINDOWS\system32\shell32.dll
0x6d6c0000 - 0x6d6d3000 	C:\Program Files\Java\jdk1.6.0_13\jre\bin\net.dll
0x71ab0000 - 0x71ac7000 	C:\WINDOWS\system32\WS2_32.dll
0x71aa0000 - 0x71aa8000 	C:\WINDOWS\system32\WS2HELP.dll
0x6d6e0000 - 0x6d6e9000 	C:\Program Files\Java\jdk1.6.0_13\jre\bin\nio.dll
0x71a50000 - 0x71a8f000 	C:\WINDOWS\System32\mswsock.dll
0x76f20000 - 0x76f47000 	C:\WINDOWS\system32\DNSAPI.dll
0x76d60000 - 0x76d79000 	C:\WINDOWS\system32\iphlpapi.dll
0x76fb0000 - 0x76fb8000 	C:\WINDOWS\System32\winrnr.dll
0x76f60000 - 0x76f8c000 	C:\WINDOWS\system32\WLDAP32.dll
0x76fc0000 - 0x76fc6000 	C:\WINDOWS\system32\rasadhlp.dll
0x662b0000 - 0x66308000 	C:\WINDOWS\system32\hnetcfg.dll
0x71a90000 - 0x71a98000 	C:\WINDOWS\System32\wshtcpip.dll

VM Arguments:
java_command: registerationform
Launcher Type: SUN_STANDARD

Environment Variables:
PATH=C:\WINDOWS\system32;C:\WINDOWS;C:\WINDOWS\System32\Wbem
USERNAME=students
OS=Windows_NT
PROCESSOR_IDENTIFIER=x86 Family 15 Model 4 Stepping 7, GenuineIntel



---------------  S Y S T E M  ---------------

OS: Windows XP Build 2600 Service Pack 2

CPU:total 2 (2 cores per cpu, 1 threads per core) family 15 model 4 stepping 7, cmov, cx8, fxsr, mmx, sse, sse2, sse3

Memory: 4k page, physical 1039724k(278444k free), swap 1714928k(887816k free)

vm_info: Java HotSpot(TM) Client VM (11.3-b02) for windows-x86 JRE (1.6.0_13-b03), built on Mar  9 2009 01:15:24 by "java_re" with MS VC++ 7.1

time: Mon Dec 02 10:45:40 2002
elapsed time: 2809 seconds

